<?xml version="1.0" encoding="UTF-8"?>
<testsuite xmlns:xsi="http://www.w3.org/2001/XMLSchema-instance" xsi:noNamespaceSchemaLocation="https://maven.apache.org/surefire/maven-surefire-plugin/xsd/surefire-test-report-3.0.xsd" version="3.0" name="com.project.quizapp.QuizappApplicationTests" time="6.485" tests="1" errors="0" skipped="0" failures="0">
  <properties>
[...]
</properties>
  <testcase name="contextLoads" classname="com.project.quizapp.QuizappApplicationTests" time="0.564">
    <system-out><![CDATA[22:15:28.655 [main] INFO org.springframework.test.context.support.AnnotationConfigContextLoaderUtils -- Could not detect default configuration classes for test class [com.project.quizapp.QuizappApplicationTests]: QuizappApplicationTests does not declare any static, non-private, non-final, nested classes annotated with @Configuration.
22:15:28.773 [main] INFO org.springframework.boot.test.context.SpringBootTestContextBootstrapper -- Found @SpringBootConfiguration com.project.quizapp.QuizAppApplication for test class com.project.quizapp.QuizappApplicationTests

  .   ____          _            __ _ _
 /\\ / ___'_ __ _ _(_)_ __  __ _ \ \ \ \
( ( )\___ | '_ | '_| | '_ \/ _` | \ \ \ \
 \\/  ___)| |_)| | | | | || (_| |  ) ) ) )
  '  |____| .__|_| |_|_| |_\__, | / / / /
 =========|_|==============|___/=/_/_/_/
 :: Spring Boot ::                (v3.2.5)

2024-06-12T22:15:29.260+05:30  INFO 14228 --- [quizapp] [           main] c.p.quizapp.QuizappApplicationTests      : Starting QuizappApplicationTests using Java 22.0.1 with PID 14228 (started by ganesh.guguloth in D:\myApp\Quiz_App)
2024-06-12T22:15:29.262+05:30  INFO 14228 --- [quizapp] [           main] c.p.quizapp.QuizappApplicationTests      : No active profile set, falling back to 1 default profile: "default"
2024-06-12T22:15:30.182+05:30  INFO 14228 --- [quizapp] [           main] .s.d.r.c.RepositoryConfigurationDelegate : Bootstrapping Spring Data JPA repositories in DEFAULT mode.
2024-06-12T22:15:30.242+05:30  INFO 14228 --- [quizapp] [           main] .s.d.r.c.RepositoryConfigurationDelegate : Finished Spring Data repository scanning in 53 ms. Found 3 JPA repository interfaces.
2024-06-12T22:15:30.813+05:30  INFO 14228 --- [quizapp] [           main] o.hibernate.jpa.internal.util.LogHelper  : HHH000204: Processing PersistenceUnitInfo [name: default]
2024-06-12T22:15:30.895+05:30  INFO 14228 --- [quizapp] [           main] org.hibernate.Version                    : HHH000412: Hibernate ORM core version 6.4.4.Final
2024-06-12T22:15:30.944+05:30  INFO 14228 --- [quizapp] [           main] o.h.c.internal.RegionFactoryInitiator    : HHH000026: Second-level cache disabled
2024-06-12T22:15:31.244+05:30  INFO 14228 --- [quizapp] [           main] o.s.o.j.p.SpringPersistenceUnitInfo      : No LoadTimeWeaver setup: ignoring JPA class transformer
2024-06-12T22:15:31.276+05:30  INFO 14228 --- [quizapp] [           main] com.zaxxer.hikari.HikariDataSource       : HikariPool-1 - Starting...
2024-06-12T22:15:31.517+05:30  INFO 14228 --- [quizapp] [           main] com.zaxxer.hikari.pool.HikariPool        : HikariPool-1 - Added connection org.postgresql.jdbc.PgConnection@7e31d53b
2024-06-12T22:15:31.520+05:30  INFO 14228 --- [quizapp] [           main] com.zaxxer.hikari.HikariDataSource       : HikariPool-1 - Start completed.
2024-06-12T22:15:31.555+05:30  WARN 14228 --- [quizapp] [           main] org.hibernate.orm.deprecation            : HHH90000025: PostgreSQLDialect does not need to be specified explicitly using 'hibernate.dialect' (remove the property setting and it will be selected by default)
2024-06-12T22:15:32.571+05:30  INFO 14228 --- [quizapp] [           main] o.h.e.t.j.p.i.JtaPlatformInitiator       : HHH000489: No JTA platform available (set 'hibernate.transaction.jta.platform' to enable JTA platform integration)
2024-06-12T22:15:32.672+05:30  INFO 14228 --- [quizapp] [           main] j.LocalContainerEntityManagerFactoryBean : Initialized JPA EntityManagerFactory for persistence unit 'default'
2024-06-12T22:15:33.047+05:30  INFO 14228 --- [quizapp] [           main] o.s.d.j.r.query.QueryEnhancerFactory     : Hibernate is in classpath; If applicable, HQL parser will be used.
2024-06-12T22:15:33.227+05:30  WARN 14228 --- [quizapp] [           main] JpaBaseConfiguration$JpaWebConfiguration : spring.jpa.open-in-view is enabled by default. Therefore, database queries may be performed during view rendering. Explicitly configure spring.jpa.open-in-view to disable this warning
2024-06-12T22:15:33.812+05:30  INFO 14228 --- [quizapp] [           main] o.s.s.web.DefaultSecurityFilterChain     : Will secure any request with [org.springframework.security.web.session.DisableEncodeUrlFilter@240fa4ad, org.springframework.security.web.context.request.async.WebAsyncManagerIntegrationFilter@4fb3c670, org.springframework.security.web.context.SecurityContextHolderFilter@75f316df, org.springframework.security.web.header.HeaderWriterFilter@43069adf, org.springframework.web.filter.CorsFilter@6b6c882c, org.springframework.security.web.csrf.CsrfFilter@74597c37, org.springframework.security.web.authentication.logout.LogoutFilter@66978c15, org.springframework.security.web.authentication.UsernamePasswordAuthenticationFilter@741687d4, org.springframework.security.web.authentication.ui.DefaultLoginPageGeneratingFilter@63be4548, org.springframework.security.web.authentication.ui.DefaultLogoutPageGeneratingFilter@51a65f56, org.springframework.security.web.authentication.www.BasicAuthenticationFilter@2d18d9ed, org.springframework.security.web.savedrequest.RequestCacheAwareFilter@773ad729, org.springframework.security.web.servletapi.SecurityContextHolderAwareRequestFilter@20e8286a, org.springframework.security.web.authentication.AnonymousAuthenticationFilter@8d5b303, org.springframework.security.web.access.ExceptionTranslationFilter@76e4df53, org.springframework.security.web.access.intercept.AuthorizationFilter@6527f68a]
2024-06-12T22:15:34.357+05:30  INFO 14228 --- [quizapp] [           main] c.p.quizapp.QuizappApplicationTests      : Started QuizappApplicationTests in 5.432 seconds (process running for 6.58)
]]></system-out>
    <system-err><![CDATA[WARNING: A Java agent has been loaded dynamically (C:\Users\ganesh.guguloth\.m2\repository\net\bytebuddy\byte-buddy-agent\1.14.13\byte-buddy-agent-1.14.13.jar)
WARNING: If a serviceability tool is in use, please run with -XX:+EnableDynamicAgentLoading to hide this warning
WARNING: If a serviceability tool is not in use, please run with -Djdk.instrument.traceUsage for more information
WARNING: Dynamic loading of agents will be disallowed by default in a future release
]]></system-err>
  </testcase>
</testsuite>